2019-09-02 18:54:32,736 INFO PERFORMANCE:|0|0|-1|-1

2019-09-02 18:59:32,739 INFO PERFORMANCE:|0|0|-1|-1

2019-09-02 19:04:32,740 INFO PERFORMANCE:|0|0|-1|-1

2019-09-02 19:09:32,741 INFO PERFORMANCE:|0|0|-1|-1

2019-09-02 19:14:32,742 INFO PERFORMANCE:|0|0|-1|-1

2019-09-02 19:19:32,744 INFO PERFORMANCE:|0|0|-1|-1

2019-09-02 19:24:32,745 INFO PERFORMANCE:|0|0|-1|-1

2019-09-02 19:29:32,746 INFO PERFORMANCE:|0|0|-1|-1

2019-09-02 19:34:32,748 INFO PERFORMANCE:|0|0|-1|-1

2019-09-02 19:39:32,750 INFO PERFORMANCE:|0|0|-1|-1

2019-09-02 19:44:32,751 INFO PERFORMANCE:|0|0|-1|-1

2019-09-02 19:49:32,753 INFO PERFORMANCE:|0|0|-1|-1

2019-09-02 19:54:32,755 INFO PERFORMANCE:|0|0|-1|-1

2019-09-02 19:59:32,756 INFO PERFORMANCE:|0|0|-1|-1

2019-09-02 20:04:32,758 INFO PERFORMANCE:|0|0|-1|-1

2019-09-02 20:09:32,759 INFO PERFORMANCE:|0|0|-1|-1

2019-09-02 20:14:32,761 INFO PERFORMANCE:|0|0|-1|-1

2019-09-02 20:19:32,762 INFO PERFORMANCE:|0|0|-1|-1

2019-09-02 20:24:32,763 INFO PERFORMANCE:|0|0|-1|-1

2019-09-02 20:29:32,764 INFO PERFORMANCE:|1|1|-1|-1

2019-09-02 20:34:32,765 INFO PERFORMANCE:|1|1|-1|-1

2019-09-02 20:39:32,767 INFO PERFORMANCE:|1|0|-1|-1

2019-09-02 20:44:32,768 INFO PERFORMANCE:|1|0|-1|-1

2019-09-02 20:49:32,770 INFO PERFORMANCE:|1|0|-1|-1

2019-09-02 20:54:32,771 INFO PERFORMANCE:|2|0|-1|-1

2019-09-02 20:59:32,773 INFO PERFORMANCE:|3|0|-1|-1

